# JRE version: OpenJDK Runtime Environment (17.0.9) (build 17.0.9+0--11185874)
# Java VM: OpenJDK 64-Bit Server VM (17.0.9+0--11185874, mixed mode, tiered, compressed oops, compressed class ptrs, g1 gc, windows-amd64)
GC Precious Log:
 CPUs: 8 total, 8 available
 Memory: 16167M
 Large Page Support: Disabled
 NUMA Support: Disabled
 Compressed Oops: Enabled (32-bit)
 Heap Region Size: 1M
 Heap Min Capacity: 8M
 Heap Initial Capacity: 254M
 Heap Max Capacity: 2G
 Pre-touch: Disabled
 Parallel Workers: 8
 Concurrent Workers: 2
 Concurrent Refinement Workers: 8
 Periodic GC: Disabled
Heap:
 garbage-first heap   total 449536K, used 243158K [0x0000000080000000, 0x0000000100000000)
  region size 1024K, 17 young (17408K), 17 survivors (17408K)
 Metaspace       used 110545K, committed 111104K, reserved 1179648K
  class space    used 15002K, committed 15296K, reserved 1048576K
GC Heap History (20 events):
Event: 22.053 GC heap after
{Heap after GC invocations=60 (full 0):
 garbage-first heap   total 372736K, used 141356K [0x0000000080000000, 0x0000000100000000)
  region size 1024K, 21 young (21504K), 21 survivors (21504K)
 Metaspace       used 106629K, committed 107200K, reserved 1179648K
  class space    used 14714K, committed 14976K, reserved 1048576K
}
Event: 22.512 GC heap before
{Heap before GC invocations=60 (full 0):
 garbage-first heap   total 372736K, used 267308K [0x0000000080000000, 0x0000000100000000)
  region size 1024K, 144 young (147456K), 21 survivors (21504K)
 Metaspace       used 107453K, committed 108032K, reserved 1179648K
  class space    used 14770K, committed 15040K, reserved 1048576K
}
Event: 22.540 GC heap after
{Heap after GC invocations=61 (full 0):
 garbage-first heap   total 372736K, used 162192K [0x0000000080000000, 0x0000000100000000)
  region size 1024K, 18 young (18432K), 18 survivors (18432K)
 Metaspace       used 107453K, committed 108032K, reserved 1179648K
  class space    used 14770K, committed 15040K, reserved 1048576K
}
Event: 23.497 GC heap before
{Heap before GC invocations=61 (full 0):
 garbage-first heap   total 372736K, used 278928K [0x0000000080000000, 0x0000000100000000)
  region size 1024K, 132 young (135168K), 18 survivors (18432K)
 Metaspace       used 109111K, committed 109696K, reserved 1179648K
  class space    used 14886K, committed 15168K, reserved 1048576K
}
Event: 23.532 GC heap after
{Heap after GC invocations=62 (full 0):
 garbage-first heap   total 372736K, used 176074K [0x0000000080000000, 0x0000000100000000)
  region size 1024K, 13 young (13312K), 13 survivors (13312K)
 Metaspace       used 109111K, committed 109696K, reserved 1179648K
  class space    used 14886K, committed 15168K, reserved 1048576K
}
Event: 24.183 GC heap before
{Heap before GC invocations=62 (full 0):
 garbage-first heap   total 372736K, used 288714K [0x0000000080000000, 0x0000000100000000)
  region size 1024K, 124 young (126976K), 13 survivors (13312K)
 Metaspace       used 109395K, committed 109952K, reserved 1179648K
  class space    used 14925K, committed 15168K, reserved 1048576K
}
Event: 24.199 GC heap after
{Heap after GC invocations=63 (full 0):
 garbage-first heap   total 449536K, used 182503K [0x0000000080000000, 0x0000000100000000)
  region size 1024K, 7 young (7168K), 7 survivors (7168K)
 Metaspace       used 109395K, committed 109952K, reserved 1179648K
  class space    used 14925K, committed 15168K, reserved 1048576K
}
Event: 24.665 GC heap before
{Heap before GC invocations=63 (full 0):
 garbage-first heap   total 449536K, used 345319K [0x0000000080000000, 0x0000000100000000)
  region size 1024K, 166 young (169984K), 7 survivors (7168K)
 Metaspace       used 109546K, committed 110208K, reserved 1179648K
  class space    used 14950K, committed 15232K, reserved 1048576K
}
Event: 24.678 GC heap after
{Heap after GC invocations=64 (full 0):
 garbage-first heap   total 449536K, used 188052K [0x0000000080000000, 0x0000000100000000)
  region size 1024K, 12 young (12288K), 12 survivors (12288K)
 Metaspace       used 109546K, committed 110208K, reserved 1179648K
  class space    used 14950K, committed 15232K, reserved 1048576K
}
Event: 25.126 GC heap before
{Heap before GC invocations=64 (full 0):
 garbage-first heap   total 449536K, used 352916K [0x0000000080000000, 0x0000000100000000)
  region size 1024K, 174 young (178176K), 12 survivors (12288K)
 Metaspace       used 109891K, committed 110464K, reserved 1179648K
  class space    used 14978K, committed 15232K, reserved 1048576K
}
Event: 25.145 GC heap after
{Heap after GC invocations=65 (full 0):
 garbage-first heap   total 449536K, used 193248K [0x0000000080000000, 0x0000000100000000)
  region size 1024K, 12 young (12288K), 12 survivors (12288K)
 Metaspace       used 109891K, committed 110464K, reserved 1179648K
  class space    used 14978K, committed 15232K, reserved 1048576K
}
Event: 25.560 GC heap before
{Heap before GC invocations=65 (full 0):
 garbage-first heap   total 449536K, used 360160K [0x0000000080000000, 0x0000000100000000)
  region size 1024K, 174 young (178176K), 12 survivors (12288K)
 Metaspace       used 110256K, committed 110848K, reserved 1179648K
  class space    used 14987K, committed 15232K, reserved 1048576K
}
Event: 25.571 GC heap after
{Heap after GC invocations=66 (full 0):
 garbage-first heap   total 449536K, used 198645K [0x0000000080000000, 0x0000000100000000)
  region size 1024K, 16 young (16384K), 16 survivors (16384K)
 Metaspace       used 110256K, committed 110848K, reserved 1179648K
  class space    used 14987K, committed 15232K, reserved 1048576K
}
Event: 25.809 GC heap before
{Heap before GC invocations=66 (full 0):
 garbage-first heap   total 449536K, used 363509K [0x0000000080000000, 0x0000000100000000)
  region size 1024K, 177 young (181248K), 16 survivors (16384K)
 Metaspace       used 110384K, committed 110912K, reserved 1179648K
  class space    used 14989K, committed 15232K, reserved 1048576K
}
Event: 25.830 GC heap after
{Heap after GC invocations=67 (full 0):
 garbage-first heap   total 449536K, used 211919K [0x0000000080000000, 0x0000000100000000)
  region size 1024K, 23 young (23552K), 23 survivors (23552K)
 Metaspace       used 110384K, committed 110912K, reserved 1179648K
  class space    used 14989K, committed 15232K, reserved 1048576K
}
Event: 26.099 GC heap before
{Heap before GC invocations=67 (full 0):
 garbage-first heap   total 449536K, used 363471K [0x0000000080000000, 0x0000000100000000)
  region size 1024K, 171 young (175104K), 23 survivors (23552K)
 Metaspace       used 110488K, committed 111040K, reserved 1179648K
  class space    used 15000K, committed 15232K, reserved 1048576K
}
Event: 26.134 GC heap after
{Heap after GC invocations=68 (full 0):
 garbage-first heap   total 449536K, used 226691K [0x0000000080000000, 0x0000000100000000)
  region size 1024K, 16 young (16384K), 16 survivors (16384K)
 Metaspace       used 110488K, committed 111040K, reserved 1179648K
  class space    used 15000K, committed 15232K, reserved 1048576K
}
Event: 26.349 GC heap before
{Heap before GC invocations=68 (full 0):
 garbage-first heap   total 449536K, used 364931K [0x0000000080000000, 0x0000000100000000)
  region size 1024K, 151 young (154624K), 16 survivors (16384K)
 Metaspace       used 110512K, committed 111040K, reserved 1179648K
  class space    used 15000K, committed 15232K, reserved 1048576K
}
Event: 26.366 GC heap after
{Heap after GC invocations=69 (full 0):
 garbage-first heap   total 449536K, used 234264K [0x0000000080000000, 0x0000000100000000)
  region size 1024K, 8 young (8192K), 8 survivors (8192K)
 Metaspace       used 110512K, committed 111040K, reserved 1179648K
  class space    used 15000K, committed 15232K, reserved 1048576K
}
Event: 26.626 GC heap before
{Heap before GC invocations=69 (full 0):
 garbage-first heap   total 449536K, used 370456K [0x0000000080000000, 0x0000000100000000)
  region size 1024K, 141 young (144384K), 8 survivors (8192K)
 Metaspace       used 110545K, committed 111104K, reserved 1179648K
  class space    used 15002K, committed 15296K, reserved 1048576K
}

